Starting DemoApplication on Chris with PID 18136 (D:\Files\Code_Project\WeChatOrderSystem\Code\target\classes started by Master in D:\Files\Code_Project\WeChatOrderSystem\Code)
No active profile set, falling back to default profiles: default
Bootstrapping Spring Data JPA repositories in DEFAULT mode.
Finished Spring Data repository scanning in 75ms. Found 4 JPA repository interfaces.
Tomcat initialized with port(s): 8080 (http)
Initializing ProtocolHandler ["http-nio-8080"]
Starting service [Tomcat]
Starting Servlet engine: [Apache Tomcat/9.0.31]
Initializing Spring embedded WebApplicationContext
Root WebApplicationContext: initialization completed in 1682 ms
HHH000204: Processing PersistenceUnitInfo [name: default]
HHH000412: Hibernate ORM core version 5.4.12.Final
HCANN000001: Hibernate Commons Annotations {5.1.0.Final}
HikariPool-1 - Starting...
HikariPool-1 - Start completed.
HHH000400: Using dialect: org.hibernate.dialect.MySQL8Dialect
HHH000490: Using JtaPlatform implementation: [org.hibernate.engine.transaction.jta.platform.internal.NoJtaPlatform]
Initialized JPA EntityManagerFactory for persistence unit 'default'
spring.jpa.open-in-view is enabled by default. Therefore, database queries may be performed during view rendering. Explicitly configure spring.jpa.open-in-view to disable this warning
Initializing ExecutorService 'applicationTaskExecutor'
Starting ProtocolHandler ["http-nio-8080"]
Tomcat started on port(s): 8080 (http) with context path '/sell'
Started DemoApplication in 5.622 seconds (JVM running for 7.266)
Initializing Spring DispatcherServlet 'dispatcherServlet'
Initializing Servlet 'dispatcherServlet'
Completed initialization in 5 ms
Starting DemoApplication on Chris with PID 27772 (D:\Files\Code_Project\WeChatOrderSystem\Code\target\classes started by Master in D:\Files\Code_Project\WeChatOrderSystem\Code)
No active profile set, falling back to default profiles: default
Bootstrapping Spring Data JPA repositories in DEFAULT mode.
Finished Spring Data repository scanning in 74ms. Found 4 JPA repository interfaces.
Tomcat initialized with port(s): 8080 (http)
Initializing ProtocolHandler ["http-nio-8080"]
Starting service [Tomcat]
Starting Servlet engine: [Apache Tomcat/9.0.31]
Initializing Spring embedded WebApplicationContext
Root WebApplicationContext: initialization completed in 1317 ms
HHH000204: Processing PersistenceUnitInfo [name: default]
HHH000412: Hibernate ORM core version 5.4.12.Final
HCANN000001: Hibernate Commons Annotations {5.1.0.Final}
HikariPool-1 - Starting...
HikariPool-1 - Start completed.
HHH000400: Using dialect: org.hibernate.dialect.MySQL8Dialect
HHH000490: Using JtaPlatform implementation: [org.hibernate.engine.transaction.jta.platform.internal.NoJtaPlatform]
Initialized JPA EntityManagerFactory for persistence unit 'default'
spring.jpa.open-in-view is enabled by default. Therefore, database queries may be performed during view rendering. Explicitly configure spring.jpa.open-in-view to disable this warning
Initializing ExecutorService 'applicationTaskExecutor'
Starting ProtocolHandler ["http-nio-8080"]
Tomcat started on port(s): 8080 (http) with context path '/sell'
Started DemoApplication in 4.95 seconds (JVM running for 6.239)
Initializing Spring DispatcherServlet 'dispatcherServlet'
Initializing Servlet 'dispatcherServlet'
Completed initialization in 5 ms
Starting DemoApplication on Chris with PID 29172 (D:\Files\Code_Project\WeChatOrderSystem\Code\target\classes started by Master in D:\Files\Code_Project\WeChatOrderSystem\Code)
No active profile set, falling back to default profiles: default
Bootstrapping Spring Data JPA repositories in DEFAULT mode.
Finished Spring Data repository scanning in 70ms. Found 4 JPA repository interfaces.
Tomcat initialized with port(s): 8080 (http)
Initializing ProtocolHandler ["http-nio-8080"]
Starting service [Tomcat]
Starting Servlet engine: [Apache Tomcat/9.0.31]
Initializing Spring embedded WebApplicationContext
Root WebApplicationContext: initialization completed in 1175 ms
HHH000204: Processing PersistenceUnitInfo [name: default]
HHH000412: Hibernate ORM core version 5.4.12.Final
HCANN000001: Hibernate Commons Annotations {5.1.0.Final}
HikariPool-1 - Starting...
HikariPool-1 - Start completed.
HHH000400: Using dialect: org.hibernate.dialect.MySQL8Dialect
HHH000490: Using JtaPlatform implementation: [org.hibernate.engine.transaction.jta.platform.internal.NoJtaPlatform]
Initialized JPA EntityManagerFactory for persistence unit 'default'
spring.jpa.open-in-view is enabled by default. Therefore, database queries may be performed during view rendering. Explicitly configure spring.jpa.open-in-view to disable this warning
Initializing ExecutorService 'applicationTaskExecutor'
Starting ProtocolHandler ["http-nio-8080"]
Tomcat started on port(s): 8080 (http) with context path '/sell'
Started DemoApplication in 4.432 seconds (JVM running for 5.736)
Initializing Spring DispatcherServlet 'dispatcherServlet'
Initializing Servlet 'dispatcherServlet'
Completed initialization in 4 ms
Starting DemoApplication on Chris with PID 22008 (D:\Files\Code_Project\WeChatOrderSystem\Code\target\classes started by Master in D:\Files\Code_Project\WeChatOrderSystem\Code)
No active profile set, falling back to default profiles: default
Bootstrapping Spring Data JPA repositories in DEFAULT mode.
Finished Spring Data repository scanning in 90ms. Found 4 JPA repository interfaces.
Tomcat initialized with port(s): 8080 (http)
Initializing ProtocolHandler ["http-nio-8080"]
Starting service [Tomcat]
Starting Servlet engine: [Apache Tomcat/9.0.31]
Initializing Spring embedded WebApplicationContext
Root WebApplicationContext: initialization completed in 1506 ms
HHH000204: Processing PersistenceUnitInfo [name: default]
HHH000412: Hibernate ORM core version 5.4.12.Final
HCANN000001: Hibernate Commons Annotations {5.1.0.Final}
HikariPool-1 - Starting...
HikariPool-1 - Start completed.
HHH000400: Using dialect: org.hibernate.dialect.MySQL8Dialect
HHH000490: Using JtaPlatform implementation: [org.hibernate.engine.transaction.jta.platform.internal.NoJtaPlatform]
Initialized JPA EntityManagerFactory for persistence unit 'default'
spring.jpa.open-in-view is enabled by default. Therefore, database queries may be performed during view rendering. Explicitly configure spring.jpa.open-in-view to disable this warning
Initializing ExecutorService 'applicationTaskExecutor'
Starting ProtocolHandler ["http-nio-8080"]
Tomcat started on port(s): 8080 (http) with context path '/sell'
Started DemoApplication in 4.932 seconds (JVM running for 6.243)
Initializing Spring DispatcherServlet 'dispatcherServlet'
Initializing Servlet 'dispatcherServlet'
Completed initialization in 5 ms
Starting DemoApplication on Chris with PID 29208 (D:\Files\Code_Project\WeChatOrderSystem\Code\target\classes started by Master in D:\Files\Code_Project\WeChatOrderSystem\Code)
No active profile set, falling back to default profiles: default
Bootstrapping Spring Data JPA repositories in DEFAULT mode.
Finished Spring Data repository scanning in 76ms. Found 4 JPA repository interfaces.
Tomcat initialized with port(s): 8080 (http)
Initializing ProtocolHandler ["http-nio-8080"]
Starting service [Tomcat]
Starting Servlet engine: [Apache Tomcat/9.0.31]
Initializing Spring embedded WebApplicationContext
Root WebApplicationContext: initialization completed in 1248 ms
HHH000204: Processing PersistenceUnitInfo [name: default]
HHH000412: Hibernate ORM core version 5.4.12.Final
HCANN000001: Hibernate Commons Annotations {5.1.0.Final}
HikariPool-1 - Starting...
HikariPool-1 - Start completed.
HHH000400: Using dialect: org.hibernate.dialect.MySQL8Dialect
HHH000490: Using JtaPlatform implementation: [org.hibernate.engine.transaction.jta.platform.internal.NoJtaPlatform]
Initialized JPA EntityManagerFactory for persistence unit 'default'
spring.jpa.open-in-view is enabled by default. Therefore, database queries may be performed during view rendering. Explicitly configure spring.jpa.open-in-view to disable this warning
Initializing ExecutorService 'applicationTaskExecutor'
Starting ProtocolHandler ["http-nio-8080"]
Tomcat started on port(s): 8080 (http) with context path '/sell'
Started DemoApplication in 4.658 seconds (JVM running for 5.936)
Initializing Spring DispatcherServlet 'dispatcherServlet'
Initializing Servlet 'dispatcherServlet'
Completed initialization in 6 ms
Starting DemoApplication on Chris with PID 16784 (D:\Files\Code_Project\WeChatOrderSystem\Code\target\classes started by Master in D:\Files\Code_Project\WeChatOrderSystem\Code)
No active profile set, falling back to default profiles: default
Bootstrapping Spring Data JPA repositories in DEFAULT mode.
Finished Spring Data repository scanning in 76ms. Found 4 JPA repository interfaces.
Tomcat initialized with port(s): 8080 (http)
Initializing ProtocolHandler ["http-nio-8080"]
Starting service [Tomcat]
Starting Servlet engine: [Apache Tomcat/9.0.31]
Initializing Spring embedded WebApplicationContext
Root WebApplicationContext: initialization completed in 1275 ms
HHH000204: Processing PersistenceUnitInfo [name: default]
HHH000412: Hibernate ORM core version 5.4.12.Final
HCANN000001: Hibernate Commons Annotations {5.1.0.Final}
HikariPool-1 - Starting...
HikariPool-1 - Start completed.
HHH000400: Using dialect: org.hibernate.dialect.MySQL8Dialect
HHH000490: Using JtaPlatform implementation: [org.hibernate.engine.transaction.jta.platform.internal.NoJtaPlatform]
Initialized JPA EntityManagerFactory for persistence unit 'default'
spring.jpa.open-in-view is enabled by default. Therefore, database queries may be performed during view rendering. Explicitly configure spring.jpa.open-in-view to disable this warning
Initializing ExecutorService 'applicationTaskExecutor'
Starting ProtocolHandler ["http-nio-8080"]
Tomcat started on port(s): 8080 (http) with context path '/sell'
Started DemoApplication in 4.765 seconds (JVM running for 6.102)
Initializing Spring DispatcherServlet 'dispatcherServlet'
Initializing Servlet 'dispatcherServlet'
Completed initialization in 5 ms
Starting DemoApplication on Chris with PID 16920 (D:\Files\Code_Project\WeChatOrderSystem\Code\target\classes started by Master in D:\Files\Code_Project\WeChatOrderSystem\Code)
No active profile set, falling back to default profiles: default
Bootstrapping Spring Data JPA repositories in DEFAULT mode.
Finished Spring Data repository scanning in 76ms. Found 4 JPA repository interfaces.
Tomcat initialized with port(s): 8080 (http)
Initializing ProtocolHandler ["http-nio-8080"]
Starting service [Tomcat]
Starting Servlet engine: [Apache Tomcat/9.0.31]
Initializing Spring embedded WebApplicationContext
Root WebApplicationContext: initialization completed in 1219 ms
HHH000204: Processing PersistenceUnitInfo [name: default]
HHH000412: Hibernate ORM core version 5.4.12.Final
HCANN000001: Hibernate Commons Annotations {5.1.0.Final}
HikariPool-1 - Starting...
HikariPool-1 - Start completed.
HHH000400: Using dialect: org.hibernate.dialect.MySQL8Dialect
HHH000490: Using JtaPlatform implementation: [org.hibernate.engine.transaction.jta.platform.internal.NoJtaPlatform]
Initialized JPA EntityManagerFactory for persistence unit 'default'
spring.jpa.open-in-view is enabled by default. Therefore, database queries may be performed during view rendering. Explicitly configure spring.jpa.open-in-view to disable this warning
Initializing ExecutorService 'applicationTaskExecutor'
Starting ProtocolHandler ["http-nio-8080"]
Tomcat started on port(s): 8080 (http) with context path '/sell'
Started DemoApplication in 4.507 seconds (JVM running for 5.833)
Initializing Spring DispatcherServlet 'dispatcherServlet'
Initializing Servlet 'dispatcherServlet'
Completed initialization in 5 ms
Starting DemoApplication on Chris with PID 28712 (D:\Files\Code_Project\WeChatOrderSystem\Code\target\classes started by Master in D:\Files\Code_Project\WeChatOrderSystem\Code)
No active profile set, falling back to default profiles: default
Bootstrapping Spring Data JPA repositories in DEFAULT mode.
Finished Spring Data repository scanning in 72ms. Found 4 JPA repository interfaces.
Tomcat initialized with port(s): 8080 (http)
Initializing ProtocolHandler ["http-nio-8080"]
Starting service [Tomcat]
Starting Servlet engine: [Apache Tomcat/9.0.31]
Initializing Spring embedded WebApplicationContext
Root WebApplicationContext: initialization completed in 1175 ms
HHH000204: Processing PersistenceUnitInfo [name: default]
HHH000412: Hibernate ORM core version 5.4.12.Final
HCANN000001: Hibernate Commons Annotations {5.1.0.Final}
HikariPool-1 - Starting...
HikariPool-1 - Start completed.
HHH000400: Using dialect: org.hibernate.dialect.MySQL8Dialect
HHH000490: Using JtaPlatform implementation: [org.hibernate.engine.transaction.jta.platform.internal.NoJtaPlatform]
Initialized JPA EntityManagerFactory for persistence unit 'default'
spring.jpa.open-in-view is enabled by default. Therefore, database queries may be performed during view rendering. Explicitly configure spring.jpa.open-in-view to disable this warning
Initializing ExecutorService 'applicationTaskExecutor'
Starting ProtocolHandler ["http-nio-8080"]
Tomcat started on port(s): 8080 (http) with context path '/sell'
Started DemoApplication in 4.614 seconds (JVM running for 5.958)
Initializing Spring DispatcherServlet 'dispatcherServlet'
Initializing Servlet 'dispatcherServlet'
Completed initialization in 6 ms
Starting DemoApplication on Chris with PID 27952 (D:\Files\Code_Project\WeChatOrderSystem\Code\target\classes started by Master in D:\Files\Code_Project\WeChatOrderSystem\Code)
No active profile set, falling back to default profiles: default
Bootstrapping Spring Data JPA repositories in DEFAULT mode.
Finished Spring Data repository scanning in 73ms. Found 4 JPA repository interfaces.
Tomcat initialized with port(s): 8080 (http)
Initializing ProtocolHandler ["http-nio-8080"]
Starting service [Tomcat]
Starting Servlet engine: [Apache Tomcat/9.0.31]
Initializing Spring embedded WebApplicationContext
Root WebApplicationContext: initialization completed in 1184 ms
HHH000204: Processing PersistenceUnitInfo [name: default]
HHH000412: Hibernate ORM core version 5.4.12.Final
HCANN000001: Hibernate Commons Annotations {5.1.0.Final}
HikariPool-1 - Starting...
HikariPool-1 - Start completed.
HHH000400: Using dialect: org.hibernate.dialect.MySQL8Dialect
HHH000490: Using JtaPlatform implementation: [org.hibernate.engine.transaction.jta.platform.internal.NoJtaPlatform]
Initialized JPA EntityManagerFactory for persistence unit 'default'
spring.jpa.open-in-view is enabled by default. Therefore, database queries may be performed during view rendering. Explicitly configure spring.jpa.open-in-view to disable this warning
Initializing ExecutorService 'applicationTaskExecutor'
Starting ProtocolHandler ["http-nio-8080"]
Tomcat started on port(s): 8080 (http) with context path '/sell'
Started DemoApplication in 4.549 seconds (JVM running for 5.847)
Initializing Spring DispatcherServlet 'dispatcherServlet'
Initializing Servlet 'dispatcherServlet'
Completed initialization in 5 ms
Starting DemoApplication on Chris with PID 24808 (D:\Files\Code_Project\WeChatOrderSystem\Code\target\classes started by Master in D:\Files\Code_Project\WeChatOrderSystem\Code)
No active profile set, falling back to default profiles: default
Bootstrapping Spring Data JPA repositories in DEFAULT mode.
Finished Spring Data repository scanning in 70ms. Found 4 JPA repository interfaces.
Tomcat initialized with port(s): 8080 (http)
Initializing ProtocolHandler ["http-nio-8080"]
Starting service [Tomcat]
Starting Servlet engine: [Apache Tomcat/9.0.31]
Initializing Spring embedded WebApplicationContext
Root WebApplicationContext: initialization completed in 1141 ms
HHH000204: Processing PersistenceUnitInfo [name: default]
HHH000412: Hibernate ORM core version 5.4.12.Final
HCANN000001: Hibernate Commons Annotations {5.1.0.Final}
HikariPool-1 - Starting...
HikariPool-1 - Start completed.
HHH000400: Using dialect: org.hibernate.dialect.MySQL8Dialect
HHH000490: Using JtaPlatform implementation: [org.hibernate.engine.transaction.jta.platform.internal.NoJtaPlatform]
Initialized JPA EntityManagerFactory for persistence unit 'default'
spring.jpa.open-in-view is enabled by default. Therefore, database queries may be performed during view rendering. Explicitly configure spring.jpa.open-in-view to disable this warning
Initializing ExecutorService 'applicationTaskExecutor'
Starting ProtocolHandler ["http-nio-8080"]
Tomcat started on port(s): 8080 (http) with context path '/sell'
Started DemoApplication in 4.453 seconds (JVM running for 5.717)
Initializing Spring DispatcherServlet 'dispatcherServlet'
Initializing Servlet 'dispatcherServlet'
Completed initialization in 5 ms
Starting DemoApplication on Chris with PID 29788 (D:\Files\Code_Project\WeChatOrderSystem\Code\target\classes started by Master in D:\Files\Code_Project\WeChatOrderSystem\Code)
No active profile set, falling back to default profiles: default
Bootstrapping Spring Data JPA repositories in DEFAULT mode.
Finished Spring Data repository scanning in 68ms. Found 4 JPA repository interfaces.
Tomcat initialized with port(s): 8080 (http)
Initializing ProtocolHandler ["http-nio-8080"]
Starting service [Tomcat]
Starting Servlet engine: [Apache Tomcat/9.0.31]
Initializing Spring embedded WebApplicationContext
Root WebApplicationContext: initialization completed in 1162 ms
HHH000204: Processing PersistenceUnitInfo [name: default]
HHH000412: Hibernate ORM core version 5.4.12.Final
HCANN000001: Hibernate Commons Annotations {5.1.0.Final}
HikariPool-1 - Starting...
HikariPool-1 - Start completed.
HHH000400: Using dialect: org.hibernate.dialect.MySQL8Dialect
HHH000490: Using JtaPlatform implementation: [org.hibernate.engine.transaction.jta.platform.internal.NoJtaPlatform]
Initialized JPA EntityManagerFactory for persistence unit 'default'
spring.jpa.open-in-view is enabled by default. Therefore, database queries may be performed during view rendering. Explicitly configure spring.jpa.open-in-view to disable this warning
Initializing ExecutorService 'applicationTaskExecutor'
Starting ProtocolHandler ["http-nio-8080"]
Tomcat started on port(s): 8080 (http) with context path '/sell'
Started DemoApplication in 5.06 seconds (JVM running for 6.402)
Starting DemoApplication on Chris with PID 20648 (D:\Files\Code_Project\WeChatOrderSystem\Code\target\classes started by Master in D:\Files\Code_Project\WeChatOrderSystem\Code)
No active profile set, falling back to default profiles: default
Bootstrapping Spring Data JPA repositories in DEFAULT mode.
Finished Spring Data repository scanning in 94ms. Found 4 JPA repository interfaces.
Tomcat initialized with port(s): 8080 (http)
Initializing ProtocolHandler ["http-nio-8080"]
Starting service [Tomcat]
Starting Servlet engine: [Apache Tomcat/9.0.31]
Initializing Spring embedded WebApplicationContext
Root WebApplicationContext: initialization completed in 1354 ms
HHH000204: Processing PersistenceUnitInfo [name: default]
HHH000412: Hibernate ORM core version 5.4.12.Final
HCANN000001: Hibernate Commons Annotations {5.1.0.Final}
HikariPool-1 - Starting...
HikariPool-1 - Start completed.
HHH000400: Using dialect: org.hibernate.dialect.MySQL8Dialect
HHH000490: Using JtaPlatform implementation: [org.hibernate.engine.transaction.jta.platform.internal.NoJtaPlatform]
Initialized JPA EntityManagerFactory for persistence unit 'default'
spring.jpa.open-in-view is enabled by default. Therefore, database queries may be performed during view rendering. Explicitly configure spring.jpa.open-in-view to disable this warning
Initializing ExecutorService 'applicationTaskExecutor'
Starting ProtocolHandler ["http-nio-8080"]
Tomcat started on port(s): 8080 (http) with context path '/sell'
Started DemoApplication in 5.051 seconds (JVM running for 6.403)
Initializing Spring DispatcherServlet 'dispatcherServlet'
Initializing Servlet 'dispatcherServlet'
Completed initialization in 6 ms
Error executing FreeMarker template
freemarker.core._MiscTemplateException: Template inclusion failed (for parameter value "../common/nav.ftl"):
Template not found for name "order/../common/nav.ftl" (normalized: "common/nav.ftl").
The name was interpreted by this TemplateLoader: MultiTemplateLoader(loader1 = FileTemplateLoader(baseDir="D:\Files\Code_Project\WeChatOrderSystem\Code\target\classes\templates", canonicalBasePath="D:\Files\Code_Project\WeChatOrderSystem\Code\target\classes\templates\"), loader2 = ClassTemplateLoader(resourceLoaderClass=org.springframework.web.servlet.view.freemarker.FreeMarkerConfigurer, basePackagePath="" /* relatively to resourceLoaderClass pkg */)).

----
FTL stack trace ("~" means nesting-related):
	- Failed at: #include "../common/nav.ftl"  [in template "order/detail.ftl" at line 6, column 5]
----
	at freemarker.core.Include.accept(Include.java:164)
	at freemarker.core.Environment.visit(Environment.java:331)
	at freemarker.core.Environment.visit(Environment.java:337)
	at freemarker.core.Environment.process(Environment.java:310)
	at freemarker.template.Template.process(Template.java:383)
	at org.springframework.web.servlet.view.freemarker.FreeMarkerView.processTemplate(FreeMarkerView.java:391)
	at org.springframework.web.servlet.view.freemarker.FreeMarkerView.doRender(FreeMarkerView.java:304)
	at org.springframework.web.servlet.view.freemarker.FreeMarkerView.renderMergedTemplateModel(FreeMarkerView.java:255)
	at org.springframework.web.servlet.view.AbstractTemplateView.renderMergedOutputModel(AbstractTemplateView.java:179)
	at org.springframework.web.servlet.view.AbstractView.render(AbstractView.java:316)
	at org.springframework.web.servlet.DispatcherServlet.render(DispatcherServlet.java:1373)
	at org.springframework.web.servlet.DispatcherServlet.processDispatchResult(DispatcherServlet.java:1118)
	at org.springframework.web.servlet.DispatcherServlet.doDispatch(DispatcherServlet.java:1057)
	at org.springframework.web.servlet.DispatcherServlet.doService(DispatcherServlet.java:943)
	at org.springframework.web.servlet.FrameworkServlet.processRequest(FrameworkServlet.java:1006)
	at org.springframework.web.servlet.FrameworkServlet.doGet(FrameworkServlet.java:898)
	at javax.servlet.http.HttpServlet.service(HttpServlet.java:634)
	at org.springframework.web.servlet.FrameworkServlet.service(FrameworkServlet.java:883)
	at javax.servlet.http.HttpServlet.service(HttpServlet.java:741)
	at org.apache.catalina.core.ApplicationFilterChain.internalDoFilter(ApplicationFilterChain.java:231)
	at org.apache.catalina.core.ApplicationFilterChain.doFilter(ApplicationFilterChain.java:166)
	at org.apache.tomcat.websocket.server.WsFilter.doFilter(WsFilter.java:53)
	at org.apache.catalina.core.ApplicationFilterChain.internalDoFilter(ApplicationFilterChain.java:193)
	at org.apache.catalina.core.ApplicationFilterChain.doFilter(ApplicationFilterChain.java:166)
	at org.springframework.web.filter.RequestContextFilter.doFilterInternal(RequestContextFilter.java:100)
	at org.springframework.web.filter.OncePerRequestFilter.doFilter(OncePerRequestFilter.java:119)
	at org.apache.catalina.core.ApplicationFilterChain.internalDoFilter(ApplicationFilterChain.java:193)
	at org.apache.catalina.core.ApplicationFilterChain.doFilter(ApplicationFilterChain.java:166)
	at org.springframework.web.filter.FormContentFilter.doFilterInternal(FormContentFilter.java:93)
	at org.springframework.web.filter.OncePerRequestFilter.doFilter(OncePerRequestFilter.java:119)
	at org.apache.catalina.core.ApplicationFilterChain.internalDoFilter(ApplicationFilterChain.java:193)
	at org.apache.catalina.core.ApplicationFilterChain.doFilter(ApplicationFilterChain.java:166)
	at org.springframework.web.filter.CharacterEncodingFilter.doFilterInternal(CharacterEncodingFilter.java:201)
	at org.springframework.web.filter.OncePerRequestFilter.doFilter(OncePerRequestFilter.java:119)
	at org.apache.catalina.core.ApplicationFilterChain.internalDoFilter(ApplicationFilterChain.java:193)
	at org.apache.catalina.core.ApplicationFilterChain.doFilter(ApplicationFilterChain.java:166)
	at org.apache.catalina.core.StandardWrapperValve.invoke(StandardWrapperValve.java:202)
	at org.apache.catalina.core.StandardContextValve.invoke(StandardContextValve.java:96)
	at org.apache.catalina.authenticator.AuthenticatorBase.invoke(AuthenticatorBase.java:541)
	at org.apache.catalina.core.StandardHostValve.invoke(StandardHostValve.java:139)
	at org.apache.catalina.valves.ErrorReportValve.invoke(ErrorReportValve.java:92)
	at org.apache.catalina.core.StandardEngineValve.invoke(StandardEngineValve.java:74)
	at org.apache.catalina.connector.CoyoteAdapter.service(CoyoteAdapter.java:343)
	at org.apache.coyote.http11.Http11Processor.service(Http11Processor.java:367)
	at org.apache.coyote.AbstractProcessorLight.process(AbstractProcessorLight.java:65)
	at org.apache.coyote.AbstractProtocol$ConnectionHandler.process(AbstractProtocol.java:868)
	at org.apache.tomcat.util.net.NioEndpoint$SocketProcessor.doRun(NioEndpoint.java:1639)
	at org.apache.tomcat.util.net.SocketProcessorBase.run(SocketProcessorBase.java:49)
	at java.util.concurrent.ThreadPoolExecutor.runWorker(ThreadPoolExecutor.java:1142)
	at java.util.concurrent.ThreadPoolExecutor$Worker.run(ThreadPoolExecutor.java:617)
	at org.apache.tomcat.util.threads.TaskThread$WrappingRunnable.run(TaskThread.java:61)
	at java.lang.Thread.run(Thread.java:748)
Caused by: freemarker.template.TemplateNotFoundException: Template not found for name "order/../common/nav.ftl" (normalized: "common/nav.ftl").
The name was interpreted by this TemplateLoader: MultiTemplateLoader(loader1 = FileTemplateLoader(baseDir="D:\Files\Code_Project\WeChatOrderSystem\Code\target\classes\templates", canonicalBasePath="D:\Files\Code_Project\WeChatOrderSystem\Code\target\classes\templates\"), loader2 = ClassTemplateLoader(resourceLoaderClass=org.springframework.web.servlet.view.freemarker.FreeMarkerConfigurer, basePackagePath="" /* relatively to resourceLoaderClass pkg */)).
	at freemarker.template.Configuration.getTemplate(Configuration.java:2845)
	at freemarker.core.Environment.getTemplateForInclusion(Environment.java:2652)
	at freemarker.core.Include.accept(Include.java:162)
	... 51 common frames omitted
Servlet.service() for servlet [dispatcherServlet] in context with path [/sell] threw exception [Request processing failed; nested exception is freemarker.core._MiscTemplateException: Template inclusion failed (for parameter value "../common/nav.ftl"):
Template not found for name "order/../common/nav.ftl" (normalized: "common/nav.ftl").
The name was interpreted by this TemplateLoader: MultiTemplateLoader(loader1 = FileTemplateLoader(baseDir="D:\Files\Code_Project\WeChatOrderSystem\Code\target\classes\templates", canonicalBasePath="D:\Files\Code_Project\WeChatOrderSystem\Code\target\classes\templates\"), loader2 = ClassTemplateLoader(resourceLoaderClass=org.springframework.web.servlet.view.freemarker.FreeMarkerConfigurer, basePackagePath="" /* relatively to resourceLoaderClass pkg */)).

----
FTL stack trace ("~" means nesting-related):
	- Failed at: #include "../common/nav.ftl"  [in template "order/detail.ftl" at line 6, column 5]
----] with root cause
freemarker.template.TemplateNotFoundException: Template not found for name "order/../common/nav.ftl" (normalized: "common/nav.ftl").
The name was interpreted by this TemplateLoader: MultiTemplateLoader(loader1 = FileTemplateLoader(baseDir="D:\Files\Code_Project\WeChatOrderSystem\Code\target\classes\templates", canonicalBasePath="D:\Files\Code_Project\WeChatOrderSystem\Code\target\classes\templates\"), loader2 = ClassTemplateLoader(resourceLoaderClass=org.springframework.web.servlet.view.freemarker.FreeMarkerConfigurer, basePackagePath="" /* relatively to resourceLoaderClass pkg */)).
	at freemarker.template.Configuration.getTemplate(Configuration.java:2845)
	at freemarker.core.Environment.getTemplateForInclusion(Environment.java:2652)
	at freemarker.core.Include.accept(Include.java:162)
	at freemarker.core.Environment.visit(Environment.java:331)
	at freemarker.core.Environment.visit(Environment.java:337)
	at freemarker.core.Environment.process(Environment.java:310)
	at freemarker.template.Template.process(Template.java:383)
	at org.springframework.web.servlet.view.freemarker.FreeMarkerView.processTemplate(FreeMarkerView.java:391)
	at org.springframework.web.servlet.view.freemarker.FreeMarkerView.doRender(FreeMarkerView.java:304)
	at org.springframework.web.servlet.view.freemarker.FreeMarkerView.renderMergedTemplateModel(FreeMarkerView.java:255)
	at org.springframework.web.servlet.view.AbstractTemplateView.renderMergedOutputModel(AbstractTemplateView.java:179)
	at org.springframework.web.servlet.view.AbstractView.render(AbstractView.java:316)
	at org.springframework.web.servlet.DispatcherServlet.render(DispatcherServlet.java:1373)
	at org.springframework.web.servlet.DispatcherServlet.processDispatchResult(DispatcherServlet.java:1118)
	at org.springframework.web.servlet.DispatcherServlet.doDispatch(DispatcherServlet.java:1057)
	at org.springframework.web.servlet.DispatcherServlet.doService(DispatcherServlet.java:943)
	at org.springframework.web.servlet.FrameworkServlet.processRequest(FrameworkServlet.java:1006)
	at org.springframework.web.servlet.FrameworkServlet.doGet(FrameworkServlet.java:898)
	at javax.servlet.http.HttpServlet.service(HttpServlet.java:634)
	at org.springframework.web.servlet.FrameworkServlet.service(FrameworkServlet.java:883)
	at javax.servlet.http.HttpServlet.service(HttpServlet.java:741)
	at org.apache.catalina.core.ApplicationFilterChain.internalDoFilter(ApplicationFilterChain.java:231)
	at org.apache.catalina.core.ApplicationFilterChain.doFilter(ApplicationFilterChain.java:166)
	at org.apache.tomcat.websocket.server.WsFilter.doFilter(WsFilter.java:53)
	at org.apache.catalina.core.ApplicationFilterChain.internalDoFilter(ApplicationFilterChain.java:193)
	at org.apache.catalina.core.ApplicationFilterChain.doFilter(ApplicationFilterChain.java:166)
	at org.springframework.web.filter.RequestContextFilter.doFilterInternal(RequestContextFilter.java:100)
	at org.springframework.web.filter.OncePerRequestFilter.doFilter(OncePerRequestFilter.java:119)
	at org.apache.catalina.core.ApplicationFilterChain.internalDoFilter(ApplicationFilterChain.java:193)
	at org.apache.catalina.core.ApplicationFilterChain.doFilter(ApplicationFilterChain.java:166)
	at org.springframework.web.filter.FormContentFilter.doFilterInternal(FormContentFilter.java:93)
	at org.springframework.web.filter.OncePerRequestFilter.doFilter(OncePerRequestFilter.java:119)
	at org.apache.catalina.core.ApplicationFilterChain.internalDoFilter(ApplicationFilterChain.java:193)
	at org.apache.catalina.core.ApplicationFilterChain.doFilter(ApplicationFilterChain.java:166)
	at org.springframework.web.filter.CharacterEncodingFilter.doFilterInternal(CharacterEncodingFilter.java:201)
	at org.springframework.web.filter.OncePerRequestFilter.doFilter(OncePerRequestFilter.java:119)
	at org.apache.catalina.core.ApplicationFilterChain.internalDoFilter(ApplicationFilterChain.java:193)
	at org.apache.catalina.core.ApplicationFilterChain.doFilter(ApplicationFilterChain.java:166)
	at org.apache.catalina.core.StandardWrapperValve.invoke(StandardWrapperValve.java:202)
	at org.apache.catalina.core.StandardContextValve.invoke(StandardContextValve.java:96)
	at org.apache.catalina.authenticator.AuthenticatorBase.invoke(AuthenticatorBase.java:541)
	at org.apache.catalina.core.StandardHostValve.invoke(StandardHostValve.java:139)
	at org.apache.catalina.valves.ErrorReportValve.invoke(ErrorReportValve.java:92)
	at org.apache.catalina.core.StandardEngineValve.invoke(StandardEngineValve.java:74)
	at org.apache.catalina.connector.CoyoteAdapter.service(CoyoteAdapter.java:343)
	at org.apache.coyote.http11.Http11Processor.service(Http11Processor.java:367)
	at org.apache.coyote.AbstractProcessorLight.process(AbstractProcessorLight.java:65)
	at org.apache.coyote.AbstractProtocol$ConnectionHandler.process(AbstractProtocol.java:868)
	at org.apache.tomcat.util.net.NioEndpoint$SocketProcessor.doRun(NioEndpoint.java:1639)
	at org.apache.tomcat.util.net.SocketProcessorBase.run(SocketProcessorBase.java:49)
	at java.util.concurrent.ThreadPoolExecutor.runWorker(ThreadPoolExecutor.java:1142)
	at java.util.concurrent.ThreadPoolExecutor$Worker.run(ThreadPoolExecutor.java:617)
	at org.apache.tomcat.util.threads.TaskThread$WrappingRunnable.run(TaskThread.java:61)
	at java.lang.Thread.run(Thread.java:748)
Cannot render error page for request [/sell/seller/order/detail] and exception [Template inclusion failed (for parameter value "../common/nav.ftl"):
Template not found for name "order/../common/nav.ftl" (normalized: "common/nav.ftl").
The name was interpreted by this TemplateLoader: MultiTemplateLoader(loader1 = FileTemplateLoader(baseDir="D:\Files\Code_Project\WeChatOrderSystem\Code\target\classes\templates", canonicalBasePath="D:\Files\Code_Project\WeChatOrderSystem\Code\target\classes\templates\"), loader2 = ClassTemplateLoader(resourceLoaderClass=org.springframework.web.servlet.view.freemarker.FreeMarkerConfigurer, basePackagePath="" /* relatively to resourceLoaderClass pkg */)).

----
FTL stack trace ("~" means nesting-related):
	- Failed at: #include "../common/nav.ftl"  [in template "order/detail.ftl" at line 6, column 5]
----] as the response has already been committed. As a result, the response may have the wrong status code.
Starting DemoApplication on Chris with PID 26840 (D:\Files\Code_Project\WeChatOrderSystem\Code\target\classes started by Master in D:\Files\Code_Project\WeChatOrderSystem\Code)
No active profile set, falling back to default profiles: default
Bootstrapping Spring Data JPA repositories in DEFAULT mode.
Finished Spring Data repository scanning in 76ms. Found 4 JPA repository interfaces.
Tomcat initialized with port(s): 8080 (http)
Initializing ProtocolHandler ["http-nio-8080"]
Starting service [Tomcat]
Starting Servlet engine: [Apache Tomcat/9.0.31]
Initializing Spring embedded WebApplicationContext
Root WebApplicationContext: initialization completed in 1250 ms
HHH000204: Processing PersistenceUnitInfo [name: default]
HHH000412: Hibernate ORM core version 5.4.12.Final
HCANN000001: Hibernate Commons Annotations {5.1.0.Final}
HikariPool-1 - Starting...
HikariPool-1 - Start completed.
HHH000400: Using dialect: org.hibernate.dialect.MySQL8Dialect
HHH000490: Using JtaPlatform implementation: [org.hibernate.engine.transaction.jta.platform.internal.NoJtaPlatform]
Initialized JPA EntityManagerFactory for persistence unit 'default'
spring.jpa.open-in-view is enabled by default. Therefore, database queries may be performed during view rendering. Explicitly configure spring.jpa.open-in-view to disable this warning
Initializing ExecutorService 'applicationTaskExecutor'
Starting ProtocolHandler ["http-nio-8080"]
Tomcat started on port(s): 8080 (http) with context path '/sell'
Started DemoApplication in 4.621 seconds (JVM running for 6.042)
Initializing Spring DispatcherServlet 'dispatcherServlet'
Initializing Servlet 'dispatcherServlet'
Completed initialization in 5 ms
Error executing FreeMarker template
freemarker.core.InvalidReferenceException: The following has evaluated to null or missing:
==> orderSetail  [in template "order/detail.ftl" at line 49, column 35]

----
Tip: If the failing expression is known to legally refer to something that's sometimes null or missing, either specify a default value like myOptionalVar!myDefault, or use <#if myOptionalVar??>when-present<#else>when-missing</#if>. (These only cover the last step of the expression; to cover the whole expression, use parenthesis: (myOptionalVar.foo)!myDefault, (myOptionalVar.foo)??
----

----
FTL stack trace ("~" means nesting-related):
	- Failed at: ${orderSetail.productPrice}  [in template "order/detail.ftl" at line 49, column 33]
----
	at freemarker.core.InvalidReferenceException.getInstance(InvalidReferenceException.java:134)
	at freemarker.core.UnexpectedTypeException.newDescriptionBuilder(UnexpectedTypeException.java:85)
	at freemarker.core.UnexpectedTypeException.<init>(UnexpectedTypeException.java:48)
	at freemarker.core.NonHashException.<init>(NonHashException.java:49)
	at freemarker.core.Dot._eval(Dot.java:48)
	at freemarker.core.Expression.eval(Expression.java:101)
	at freemarker.core.DollarVariable.calculateInterpolatedStringOrMarkup(DollarVariable.java:100)
	at freemarker.core.DollarVariable.accept(DollarVariable.java:63)
	at freemarker.core.Environment.visit(Environment.java:367)
	at freemarker.core.IteratorBlock$IterationContext.executedNestedContentForCollOrSeqListing(IteratorBlock.java:321)
	at freemarker.core.IteratorBlock$IterationContext.executeNestedContent(IteratorBlock.java:271)
	at freemarker.core.IteratorBlock$IterationContext.accept(IteratorBlock.java:244)
	at freemarker.core.Environment.visitIteratorBlock(Environment.java:643)
	at freemarker.core.IteratorBlock.acceptWithResult(IteratorBlock.java:108)
	at freemarker.core.IteratorBlock.accept(IteratorBlock.java:94)
	at freemarker.core.Environment.visit(Environment.java:331)
	at freemarker.core.Environment.visit(Environment.java:337)
	at freemarker.core.Environment.process(Environment.java:310)
	at freemarker.template.Template.process(Template.java:383)
	at org.springframework.web.servlet.view.freemarker.FreeMarkerView.processTemplate(FreeMarkerView.java:391)
	at org.springframework.web.servlet.view.freemarker.FreeMarkerView.doRender(FreeMarkerView.java:304)
	at org.springframework.web.servlet.view.freemarker.FreeMarkerView.renderMergedTemplateModel(FreeMarkerView.java:255)
	at org.springframework.web.servlet.view.AbstractTemplateView.renderMergedOutputModel(AbstractTemplateView.java:179)
	at org.springframework.web.servlet.view.AbstractView.render(AbstractView.java:316)
	at org.springframework.web.servlet.DispatcherServlet.render(DispatcherServlet.java:1373)
	at org.springframework.web.servlet.DispatcherServlet.processDispatchResult(DispatcherServlet.java:1118)
	at org.springframework.web.servlet.DispatcherServlet.doDispatch(DispatcherServlet.java:1057)
	at org.springframework.web.servlet.DispatcherServlet.doService(DispatcherServlet.java:943)
	at org.springframework.web.servlet.FrameworkServlet.processRequest(FrameworkServlet.java:1006)
	at org.springframework.web.servlet.FrameworkServlet.doGet(FrameworkServlet.java:898)
	at javax.servlet.http.HttpServlet.service(HttpServlet.java:634)
	at org.springframework.web.servlet.FrameworkServlet.service(FrameworkServlet.java:883)
	at javax.servlet.http.HttpServlet.service(HttpServlet.java:741)
	at org.apache.catalina.core.ApplicationFilterChain.internalDoFilter(ApplicationFilterChain.java:231)
	at org.apache.catalina.core.ApplicationFilterChain.doFilter(ApplicationFilterChain.java:166)
	at org.apache.tomcat.websocket.server.WsFilter.doFilter(WsFilter.java:53)
	at org.apache.catalina.core.ApplicationFilterChain.internalDoFilter(ApplicationFilterChain.java:193)
	at org.apache.catalina.core.ApplicationFilterChain.doFilter(ApplicationFilterChain.java:166)
	at org.springframework.web.filter.RequestContextFilter.doFilterInternal(RequestContextFilter.java:100)
	at org.springframework.web.filter.OncePerRequestFilter.doFilter(OncePerRequestFilter.java:119)
	at org.apache.catalina.core.ApplicationFilterChain.internalDoFilter(ApplicationFilterChain.java:193)
	at org.apache.catalina.core.ApplicationFilterChain.doFilter(ApplicationFilterChain.java:166)
	at org.springframework.web.filter.FormContentFilter.doFilterInternal(FormContentFilter.java:93)
	at org.springframework.web.filter.OncePerRequestFilter.doFilter(OncePerRequestFilter.java:119)
	at org.apache.catalina.core.ApplicationFilterChain.internalDoFilter(ApplicationFilterChain.java:193)
	at org.apache.catalina.core.ApplicationFilterChain.doFilter(ApplicationFilterChain.java:166)
	at org.springframework.web.filter.CharacterEncodingFilter.doFilterInternal(CharacterEncodingFilter.java:201)
	at org.springframework.web.filter.OncePerRequestFilter.doFilter(OncePerRequestFilter.java:119)
	at org.apache.catalina.core.ApplicationFilterChain.internalDoFilter(ApplicationFilterChain.java:193)
	at org.apache.catalina.core.ApplicationFilterChain.doFilter(ApplicationFilterChain.java:166)
	at org.apache.catalina.core.StandardWrapperValve.invoke(StandardWrapperValve.java:202)
	at org.apache.catalina.core.StandardContextValve.invoke(StandardContextValve.java:96)
	at org.apache.catalina.authenticator.AuthenticatorBase.invoke(AuthenticatorBase.java:541)
	at org.apache.catalina.core.StandardHostValve.invoke(StandardHostValve.java:139)
	at org.apache.catalina.valves.ErrorReportValve.invoke(ErrorReportValve.java:92)
	at org.apache.catalina.core.StandardEngineValve.invoke(StandardEngineValve.java:74)
	at org.apache.catalina.connector.CoyoteAdapter.service(CoyoteAdapter.java:343)
	at org.apache.coyote.http11.Http11Processor.service(Http11Processor.java:367)
	at org.apache.coyote.AbstractProcessorLight.process(AbstractProcessorLight.java:65)
	at org.apache.coyote.AbstractProtocol$ConnectionHandler.process(AbstractProtocol.java:868)
	at org.apache.tomcat.util.net.NioEndpoint$SocketProcessor.doRun(NioEndpoint.java:1639)
	at org.apache.tomcat.util.net.SocketProcessorBase.run(SocketProcessorBase.java:49)
	at java.util.concurrent.ThreadPoolExecutor.runWorker(ThreadPoolExecutor.java:1142)
	at java.util.concurrent.ThreadPoolExecutor$Worker.run(ThreadPoolExecutor.java:617)
	at org.apache.tomcat.util.threads.TaskThread$WrappingRunnable.run(TaskThread.java:61)
	at java.lang.Thread.run(Thread.java:748)
Servlet.service() for servlet [dispatcherServlet] in context with path [/sell] threw exception [Request processing failed; nested exception is freemarker.core.InvalidReferenceException: The following has evaluated to null or missing:
==> orderSetail  [in template "order/detail.ftl" at line 49, column 35]

----
Tip: If the failing expression is known to legally refer to something that's sometimes null or missing, either specify a default value like myOptionalVar!myDefault, or use <#if myOptionalVar??>when-present<#else>when-missing</#if>. (These only cover the last step of the expression; to cover the whole expression, use parenthesis: (myOptionalVar.foo)!myDefault, (myOptionalVar.foo)??
----

----
FTL stack trace ("~" means nesting-related):
	- Failed at: ${orderSetail.productPrice}  [in template "order/detail.ftl" at line 49, column 33]
----] with root cause
freemarker.core.InvalidReferenceException: The following has evaluated to null or missing:
==> orderSetail  [in template "order/detail.ftl" at line 49, column 35]

----
Tip: If the failing expression is known to legally refer to something that's sometimes null or missing, either specify a default value like myOptionalVar!myDefault, or use <#if myOptionalVar??>when-present<#else>when-missing</#if>. (These only cover the last step of the expression; to cover the whole expression, use parenthesis: (myOptionalVar.foo)!myDefault, (myOptionalVar.foo)??
----

----
FTL stack trace ("~" means nesting-related):
	- Failed at: ${orderSetail.productPrice}  [in template "order/detail.ftl" at line 49, column 33]
----
	at freemarker.core.InvalidReferenceException.getInstance(InvalidReferenceException.java:134)
	at freemarker.core.UnexpectedTypeException.newDescriptionBuilder(UnexpectedTypeException.java:85)
	at freemarker.core.UnexpectedTypeException.<init>(UnexpectedTypeException.java:48)
	at freemarker.core.NonHashException.<init>(NonHashException.java:49)
	at freemarker.core.Dot._eval(Dot.java:48)
	at freemarker.core.Expression.eval(Expression.java:101)
	at freemarker.core.DollarVariable.calculateInterpolatedStringOrMarkup(DollarVariable.java:100)
	at freemarker.core.DollarVariable.accept(DollarVariable.java:63)
	at freemarker.core.Environment.visit(Environment.java:367)
	at freemarker.core.IteratorBlock$IterationContext.executedNestedContentForCollOrSeqListing(IteratorBlock.java:321)
	at freemarker.core.IteratorBlock$IterationContext.executeNestedContent(IteratorBlock.java:271)
	at freemarker.core.IteratorBlock$IterationContext.accept(IteratorBlock.java:244)
	at freemarker.core.Environment.visitIteratorBlock(Environment.java:643)
	at freemarker.core.IteratorBlock.acceptWithResult(IteratorBlock.java:108)
	at freemarker.core.IteratorBlock.accept(IteratorBlock.java:94)
	at freemarker.core.Environment.visit(Environment.java:331)
	at freemarker.core.Environment.visit(Environment.java:337)
	at freemarker.core.Environment.process(Environment.java:310)
	at freemarker.template.Template.process(Template.java:383)
	at org.springframework.web.servlet.view.freemarker.FreeMarkerView.processTemplate(FreeMarkerView.java:391)
	at org.springframework.web.servlet.view.freemarker.FreeMarkerView.doRender(FreeMarkerView.java:304)
	at org.springframework.web.servlet.view.freemarker.FreeMarkerView.renderMergedTemplateModel(FreeMarkerView.java:255)
	at org.springframework.web.servlet.view.AbstractTemplateView.renderMergedOutputModel(AbstractTemplateView.java:179)
	at org.springframework.web.servlet.view.AbstractView.render(AbstractView.java:316)
	at org.springframework.web.servlet.DispatcherServlet.render(DispatcherServlet.java:1373)
	at org.springframework.web.servlet.DispatcherServlet.processDispatchResult(DispatcherServlet.java:1118)
	at org.springframework.web.servlet.DispatcherServlet.doDispatch(DispatcherServlet.java:1057)
	at org.springframework.web.servlet.DispatcherServlet.doService(DispatcherServlet.java:943)
	at org.springframework.web.servlet.FrameworkServlet.processRequest(FrameworkServlet.java:1006)
	at org.springframework.web.servlet.FrameworkServlet.doGet(FrameworkServlet.java:898)
	at javax.servlet.http.HttpServlet.service(HttpServlet.java:634)
	at org.springframework.web.servlet.FrameworkServlet.service(FrameworkServlet.java:883)
	at javax.servlet.http.HttpServlet.service(HttpServlet.java:741)
	at org.apache.catalina.core.ApplicationFilterChain.internalDoFilter(ApplicationFilterChain.java:231)
	at org.apache.catalina.core.ApplicationFilterChain.doFilter(ApplicationFilterChain.java:166)
	at org.apache.tomcat.websocket.server.WsFilter.doFilter(WsFilter.java:53)
	at org.apache.catalina.core.ApplicationFilterChain.internalDoFilter(ApplicationFilterChain.java:193)
	at org.apache.catalina.core.ApplicationFilterChain.doFilter(ApplicationFilterChain.java:166)
	at org.springframework.web.filter.RequestContextFilter.doFilterInternal(RequestContextFilter.java:100)
	at org.springframework.web.filter.OncePerRequestFilter.doFilter(OncePerRequestFilter.java:119)
	at org.apache.catalina.core.ApplicationFilterChain.internalDoFilter(ApplicationFilterChain.java:193)
	at org.apache.catalina.core.ApplicationFilterChain.doFilter(ApplicationFilterChain.java:166)
	at org.springframework.web.filter.FormContentFilter.doFilterInternal(FormContentFilter.java:93)
	at org.springframework.web.filter.OncePerRequestFilter.doFilter(OncePerRequestFilter.java:119)
	at org.apache.catalina.core.ApplicationFilterChain.internalDoFilter(ApplicationFilterChain.java:193)
	at org.apache.catalina.core.ApplicationFilterChain.doFilter(ApplicationFilterChain.java:166)
	at org.springframework.web.filter.CharacterEncodingFilter.doFilterInternal(CharacterEncodingFilter.java:201)
	at org.springframework.web.filter.OncePerRequestFilter.doFilter(OncePerRequestFilter.java:119)
	at org.apache.catalina.core.ApplicationFilterChain.internalDoFilter(ApplicationFilterChain.java:193)
	at org.apache.catalina.core.ApplicationFilterChain.doFilter(ApplicationFilterChain.java:166)
	at org.apache.catalina.core.StandardWrapperValve.invoke(StandardWrapperValve.java:202)
	at org.apache.catalina.core.StandardContextValve.invoke(StandardContextValve.java:96)
	at org.apache.catalina.authenticator.AuthenticatorBase.invoke(AuthenticatorBase.java:541)
	at org.apache.catalina.core.StandardHostValve.invoke(StandardHostValve.java:139)
	at org.apache.catalina.valves.ErrorReportValve.invoke(ErrorReportValve.java:92)
	at org.apache.catalina.core.StandardEngineValve.invoke(StandardEngineValve.java:74)
	at org.apache.catalina.connector.CoyoteAdapter.service(CoyoteAdapter.java:343)
	at org.apache.coyote.http11.Http11Processor.service(Http11Processor.java:367)
	at org.apache.coyote.AbstractProcessorLight.process(AbstractProcessorLight.java:65)
	at org.apache.coyote.AbstractProtocol$ConnectionHandler.process(AbstractProtocol.java:868)
	at org.apache.tomcat.util.net.NioEndpoint$SocketProcessor.doRun(NioEndpoint.java:1639)
	at org.apache.tomcat.util.net.SocketProcessorBase.run(SocketProcessorBase.java:49)
	at java.util.concurrent.ThreadPoolExecutor.runWorker(ThreadPoolExecutor.java:1142)
	at java.util.concurrent.ThreadPoolExecutor$Worker.run(ThreadPoolExecutor.java:617)
	at org.apache.tomcat.util.threads.TaskThread$WrappingRunnable.run(TaskThread.java:61)
	at java.lang.Thread.run(Thread.java:748)
Cannot render error page for request [/sell/seller/order/detail] and exception [The following has evaluated to null or missing:
==> orderSetail  [in template "order/detail.ftl" at line 49, column 35]

----
Tip: If the failing expression is known to legally refer to something that's sometimes null or missing, either specify a default value like myOptionalVar!myDefault, or use <#if myOptionalVar??>when-present<#else>when-missing</#if>. (These only cover the last step of the expression; to cover the whole expression, use parenthesis: (myOptionalVar.foo)!myDefault, (myOptionalVar.foo)??
----

----
FTL stack trace ("~" means nesting-related):
	- Failed at: ${orderSetail.productPrice}  [in template "order/detail.ftl" at line 49, column 33]
----] as the response has already been committed. As a result, the response may have the wrong status code.
Starting DemoApplication on Chris with PID 27176 (D:\Files\Code_Project\WeChatOrderSystem\Code\target\classes started by Master in D:\Files\Code_Project\WeChatOrderSystem\Code)
No active profile set, falling back to default profiles: default
Bootstrapping Spring Data JPA repositories in DEFAULT mode.
Finished Spring Data repository scanning in 74ms. Found 4 JPA repository interfaces.
Tomcat initialized with port(s): 8080 (http)
Initializing ProtocolHandler ["http-nio-8080"]
Starting service [Tomcat]
Starting Servlet engine: [Apache Tomcat/9.0.31]
Initializing Spring embedded WebApplicationContext
Root WebApplicationContext: initialization completed in 1224 ms
HHH000204: Processing PersistenceUnitInfo [name: default]
HHH000412: Hibernate ORM core version 5.4.12.Final
HCANN000001: Hibernate Commons Annotations {5.1.0.Final}
HikariPool-1 - Starting...
HikariPool-1 - Start completed.
HHH000400: Using dialect: org.hibernate.dialect.MySQL8Dialect
HHH000490: Using JtaPlatform implementation: [org.hibernate.engine.transaction.jta.platform.internal.NoJtaPlatform]
Initialized JPA EntityManagerFactory for persistence unit 'default'
spring.jpa.open-in-view is enabled by default. Therefore, database queries may be performed during view rendering. Explicitly configure spring.jpa.open-in-view to disable this warning
Initializing ExecutorService 'applicationTaskExecutor'
Starting ProtocolHandler ["http-nio-8080"]
Tomcat started on port(s): 8080 (http) with context path '/sell'
Started DemoApplication in 4.645 seconds (JVM running for 5.978)
Initializing Spring DispatcherServlet 'dispatcherServlet'
Initializing Servlet 'dispatcherServlet'
Completed initialization in 7 ms
Starting DemoApplication on Chris with PID 23128 (D:\Files\Code_Project\WeChatOrderSystem\Code\target\classes started by Master in D:\Files\Code_Project\WeChatOrderSystem\Code)
No active profile set, falling back to default profiles: default
Bootstrapping Spring Data JPA repositories in DEFAULT mode.
Finished Spring Data repository scanning in 71ms. Found 4 JPA repository interfaces.
Tomcat initialized with port(s): 8080 (http)
Initializing ProtocolHandler ["http-nio-8080"]
Starting service [Tomcat]
Starting Servlet engine: [Apache Tomcat/9.0.31]
Initializing Spring embedded WebApplicationContext
Root WebApplicationContext: initialization completed in 1184 ms
HHH000204: Processing PersistenceUnitInfo [name: default]
HHH000412: Hibernate ORM core version 5.4.12.Final
HCANN000001: Hibernate Commons Annotations {5.1.0.Final}
HikariPool-1 - Starting...
HikariPool-1 - Start completed.
HHH000400: Using dialect: org.hibernate.dialect.MySQL8Dialect
HHH000490: Using JtaPlatform implementation: [org.hibernate.engine.transaction.jta.platform.internal.NoJtaPlatform]
Initialized JPA EntityManagerFactory for persistence unit 'default'
spring.jpa.open-in-view is enabled by default. Therefore, database queries may be performed during view rendering. Explicitly configure spring.jpa.open-in-view to disable this warning
Initializing ExecutorService 'applicationTaskExecutor'
Starting ProtocolHandler ["http-nio-8080"]
Tomcat started on port(s): 8080 (http) with context path '/sell'
Started DemoApplication in 4.518 seconds (JVM running for 5.806)
Initializing Spring DispatcherServlet 'dispatcherServlet'
Initializing Servlet 'dispatcherServlet'
Completed initialization in 6 ms
request={
  "payTypeEnum": "WXPAY_H5",
  "orderId": "1583419047539210674",
  "orderAmount": 13.0
}
Servlet.service() for servlet [dispatcherServlet] in context with path [/sell] threw exception [Request processing failed; nested exception is java.lang.RuntimeException: ] with root cause
java.io.FileNotFoundException: weixin_cert\h5.p12 ()
	at java.io.FileInputStream.open0(Native Method)
	at java.io.FileInputStream.open(FileInputStream.java:195)
	at java.io.FileInputStream.<init>(FileInputStream.java:138)
	at com.lly835.bestpay.config.WxPayH5Config.initSSLContext(WxPayH5Config.java:57)
	at com.lly835.bestpay.service.impl.WxPayServiceImpl.refund(WxPayServiceImpl.java:153)
	at com.lly835.bestpay.service.impl.BestPayServiceImpl.refund(BestPayServiceImpl.java:94)
	at com.wechatorder.demo.service.impl.PayServiceImpl.refund(PayServiceImpl.java:101)
	at com.wechatorder.demo.service.impl.OrderServiceImpl.cancel(OrderServiceImpl.java:193)
	at com.wechatorder.demo.service.impl.OrderServiceImpl$$FastClassBySpringCGLIB$$ccf3ef04.invoke(<generated>)
	at org.springframework.cglib.proxy.MethodProxy.invoke(MethodProxy.java:218)
	at org.springframework.aop.framework.CglibAopProxy$CglibMethodInvocation.invokeJoinpoint(CglibAopProxy.java:769)
	at org.springframework.aop.framework.ReflectiveMethodInvocation.proceed(ReflectiveMethodInvocation.java:163)
	at org.springframework.aop.framework.CglibAopProxy$CglibMethodInvocation.proceed(CglibAopProxy.java:747)
	at org.springframework.transaction.interceptor.TransactionAspectSupport.invokeWithinTransaction(TransactionAspectSupport.java:366)
	at org.springframework.transaction.interceptor.TransactionInterceptor.invoke(TransactionInterceptor.java:99)
	at org.springframework.aop.framework.ReflectiveMethodInvocation.proceed(ReflectiveMethodInvocation.java:186)
	at org.springframework.aop.framework.CglibAopProxy$CglibMethodInvocation.proceed(CglibAopProxy.java:747)
	at org.springframework.aop.framework.CglibAopProxy$DynamicAdvisedInterceptor.intercept(CglibAopProxy.java:689)
	at com.wechatorder.demo.service.impl.OrderServiceImpl$$EnhancerBySpringCGLIB$$c1641aa6.cancel(<generated>)
	at com.wechatorder.demo.controller.SellerOrderController.cancel(SellerOrderController.java:68)
	at sun.reflect.NativeMethodAccessorImpl.invoke0(Native Method)
	at sun.reflect.NativeMethodAccessorImpl.invoke(NativeMethodAccessorImpl.java:62)
	at sun.reflect.DelegatingMethodAccessorImpl.invoke(DelegatingMethodAccessorImpl.java:43)
	at java.lang.reflect.Method.invoke(Method.java:498)
	at org.springframework.web.method.support.InvocableHandlerMethod.doInvoke(InvocableHandlerMethod.java:190)
	at org.springframework.web.method.support.InvocableHandlerMethod.invokeForRequest(InvocableHandlerMethod.java:138)
	at org.springframework.web.servlet.mvc.method.annotation.ServletInvocableHandlerMethod.invokeAndHandle(ServletInvocableHandlerMethod.java:106)
	at org.springframework.web.servlet.mvc.method.annotation.RequestMappingHandlerAdapter.invokeHandlerMethod(RequestMappingHandlerAdapter.java:879)
	at org.springframework.web.servlet.mvc.method.annotation.RequestMappingHandlerAdapter.handleInternal(RequestMappingHandlerAdapter.java:793)
	at org.springframework.web.servlet.mvc.method.AbstractHandlerMethodAdapter.handle(AbstractHandlerMethodAdapter.java:87)
	at org.springframework.web.servlet.DispatcherServlet.doDispatch(DispatcherServlet.java:1040)
	at org.springframework.web.servlet.DispatcherServlet.doService(DispatcherServlet.java:943)
	at org.springframework.web.servlet.FrameworkServlet.processRequest(FrameworkServlet.java:1006)
	at org.springframework.web.servlet.FrameworkServlet.doGet(FrameworkServlet.java:898)
	at javax.servlet.http.HttpServlet.service(HttpServlet.java:634)
	at org.springframework.web.servlet.FrameworkServlet.service(FrameworkServlet.java:883)
	at javax.servlet.http.HttpServlet.service(HttpServlet.java:741)
	at org.apache.catalina.core.ApplicationFilterChain.internalDoFilter(ApplicationFilterChain.java:231)
	at org.apache.catalina.core.ApplicationFilterChain.doFilter(ApplicationFilterChain.java:166)
	at org.apache.tomcat.websocket.server.WsFilter.doFilter(WsFilter.java:53)
	at org.apache.catalina.core.ApplicationFilterChain.internalDoFilter(ApplicationFilterChain.java:193)
	at org.apache.catalina.core.ApplicationFilterChain.doFilter(ApplicationFilterChain.java:166)
	at org.springframework.web.filter.RequestContextFilter.doFilterInternal(RequestContextFilter.java:100)
	at org.springframework.web.filter.OncePerRequestFilter.doFilter(OncePerRequestFilter.java:119)
	at org.apache.catalina.core.ApplicationFilterChain.internalDoFilter(ApplicationFilterChain.java:193)
	at org.apache.catalina.core.ApplicationFilterChain.doFilter(ApplicationFilterChain.java:166)
	at org.springframework.web.filter.FormContentFilter.doFilterInternal(FormContentFilter.java:93)
	at org.springframework.web.filter.OncePerRequestFilter.doFilter(OncePerRequestFilter.java:119)
	at org.apache.catalina.core.ApplicationFilterChain.internalDoFilter(ApplicationFilterChain.java:193)
	at org.apache.catalina.core.ApplicationFilterChain.doFilter(ApplicationFilterChain.java:166)
	at org.springframework.web.filter.CharacterEncodingFilter.doFilterInternal(CharacterEncodingFilter.java:201)
	at org.springframework.web.filter.OncePerRequestFilter.doFilter(OncePerRequestFilter.java:119)
	at org.apache.catalina.core.ApplicationFilterChain.internalDoFilter(ApplicationFilterChain.java:193)
	at org.apache.catalina.core.ApplicationFilterChain.doFilter(ApplicationFilterChain.java:166)
	at org.apache.catalina.core.StandardWrapperValve.invoke(StandardWrapperValve.java:202)
	at org.apache.catalina.core.StandardContextValve.invoke(StandardContextValve.java:96)
	at org.apache.catalina.authenticator.AuthenticatorBase.invoke(AuthenticatorBase.java:541)
	at org.apache.catalina.core.StandardHostValve.invoke(StandardHostValve.java:139)
	at org.apache.catalina.valves.ErrorReportValve.invoke(ErrorReportValve.java:92)
	at org.apache.catalina.core.StandardEngineValve.invoke(StandardEngineValve.java:74)
	at org.apache.catalina.connector.CoyoteAdapter.service(CoyoteAdapter.java:343)
	at org.apache.coyote.http11.Http11Processor.service(Http11Processor.java:367)
	at org.apache.coyote.AbstractProcessorLight.process(AbstractProcessorLight.java:65)
	at org.apache.coyote.AbstractProtocol$ConnectionHandler.process(AbstractProtocol.java:868)
	at org.apache.tomcat.util.net.NioEndpoint$SocketProcessor.doRun(NioEndpoint.java:1639)
	at org.apache.tomcat.util.net.SocketProcessorBase.run(SocketProcessorBase.java:49)
	at java.util.concurrent.ThreadPoolExecutor.runWorker(ThreadPoolExecutor.java:1142)
	at java.util.concurrent.ThreadPoolExecutor$Worker.run(ThreadPoolExecutor.java:617)
	at org.apache.tomcat.util.threads.TaskThread$WrappingRunnable.run(TaskThread.java:61)
	at java.lang.Thread.run(Thread.java:748)
